<?xml version="1.0" encoding="UTF-8"?>
<!-- Generated by org.testng.reporters.JUnitReportReporter -->
<testsuite hostname="IN-PG02NKDN" failures="0" tests="1" name="TestNGConcept.ExpectedException" time="0.007" errors="0" timestamp="2022-02-07T17:27:14 IST" skipped="0">
  <testcase classname="TestNGConcept.ExpectedException" name="loginTest" time="0.007"/>
  <system-out/>
</testsuite> <!-- TestNGConcept.ExpectedException -->
