<?xml version="1.0" encoding="UTF-8"?>
<!-- Generated by org.testng.reporters.JUnitReportReporter -->
<testsuite hostname="IN-PG02NKDN" failures="0" tests="3" name="TestNGxmlConcept.MultipleTestsExample2" time="0.006" errors="0" timestamp="2022-02-08T16:20:33 IST" skipped="0">
  <testcase classname="TestNGxmlConcept.MultipleTestsExample2" name="tMethod11" time="0.005"/>
  <system-out/>
  <testcase classname="TestNGxmlConcept.MultipleTestsExample2" name="tMethod13" time="0.000"/>
  <system-out/>
  <testcase classname="TestNGxmlConcept.MultipleTestsExample2" name="tMethod12" time="0.001"/>
  <system-out/>
</testsuite> <!-- TestNGxmlConcept.MultipleTestsExample2 -->
