<?xml version="1.0" encoding="UTF-8"?>
<!-- Generated by org.testng.reporters.JUnitReportReporter -->
<testsuite hostname="IN-PG02NKDN" failures="0" tests="3" name="TestNGConcept.AmazonTest" time="0.138" errors="0" timestamp="2022-02-08T16:50:36 IST" skipped="0">
  <testcase classname="TestNGConcept.AmazonTest" name="titleTest" time="0.080"/>
  <system-out/>
  <testcase classname="TestNGConcept.AmazonTest" name="urlTest" time="0.006"/>
  <system-out/>
  <testcase classname="TestNGConcept.AmazonTest" name="logoTest" time="0.052"/>
  <system-out/>
</testsuite> <!-- TestNGConcept.AmazonTest -->
