<?xml version="1.0" encoding="UTF-8"?>
<!-- Generated by org.testng.reporters.JUnitReportReporter -->
<testsuite hostname="IN-PG02NKDN" failures="0" tests="3" name="TestNGConcept.DependsOnMethodConcept" time="0.006" errors="0" timestamp="2022-02-07T16:51:59 IST" skipped="0">
  <testcase classname="TestNGConcept.DependsOnMethodConcept" name="launchBrowser" time="0.005"/>
  <system-out/>
  <testcase classname="TestNGConcept.DependsOnMethodConcept" name="verifyingTitle" time="0.000"/>
  <system-out/>
  <testcase classname="TestNGConcept.DependsOnMethodConcept" name="launchUrl" time="0.001"/>
  <system-out/>
</testsuite> <!-- TestNGConcept.DependsOnMethodConcept -->
