<?xml version="1.0" encoding="UTF-8"?>
<!-- Generated by org.testng.reporters.JUnitReportReporter -->
<testsuite hostname="IN-PG02NKDN" failures="0" tests="4" name="TestNGConcept.DataProviderConcept" time="21.048" errors="0" timestamp="2022-02-08T16:57:24 IST" skipped="0">
  <testcase classname="TestNGConcept.DataProviderConcept" name="userLogin" time="5.232"/>
  <system-out/>
  <testcase classname="TestNGConcept.DataProviderConcept" name="userLogin" time="5.230"/>
  <system-out/>
  <testcase classname="TestNGConcept.DataProviderConcept" name="userLogin" time="5.296"/>
  <system-out/>
  <testcase classname="TestNGConcept.DataProviderConcept" name="userLogin" time="5.290"/>
  <system-out/>
</testsuite> <!-- TestNGConcept.DataProviderConcept -->
