<?xml version="1.0" encoding="UTF-8"?>
<!-- Generated by org.testng.reporters.JUnitReportReporter -->
<testsuite hostname="IN-PG02NKDN" failures="0" tests="4" name="TestNGxmlConcept.MultipleTestsExample1" time="0.004" errors="0" timestamp="2022-02-08T16:20:33 IST" skipped="0">
  <testcase classname="TestNGxmlConcept.MultipleTestsExample1" name="tMethod1" time="0.000"/>
  <system-out/>
  <testcase classname="TestNGxmlConcept.MultipleTestsExample1" name="tMethod2" time="0.002"/>
  <system-out/>
  <testcase classname="TestNGxmlConcept.MultipleTestsExample1" name="tMethod4" time="0.001"/>
  <system-out/>
  <testcase classname="TestNGxmlConcept.MultipleTestsExample1" name="tMethod3" time="0.001"/>
  <system-out/>
</testsuite> <!-- TestNGxmlConcept.MultipleTestsExample1 -->
