<?xml version="1.0" encoding="UTF-8"?>
<!-- Generated by org.testng.reporters.JUnitReportReporter -->
<testsuite hostname="IN-PG02NKDN" failures="0" tests="3" name="SeleniumBrowserLaunch.TestngConcept" time="0.007" errors="0" timestamp="2022-01-31T16:23:45 IST" skipped="0">
  <testcase classname="SeleniumBrowserLaunch.TestngConcept" name="show" time="0.001"/>
  <system-out/>
  <testcase classname="SeleniumBrowserLaunch.TestngConcept" name="available" time="0.005"/>
  <system-out/>
  <testcase classname="SeleniumBrowserLaunch.TestngConcept" name="display" time="0.001"/>
  <system-out/>
</testsuite> <!-- SeleniumBrowserLaunch.TestngConcept -->
