<?xml version="1.0" encoding="UTF-8"?>
<!-- Generated by org.testng.reporters.JUnitReportReporter -->
<testsuite hostname="IN-PG02NKDN" failures="0" tests="3" name="TestNGConcept.TestNGAnnotations" time="0.006" errors="0" timestamp="2022-02-08T15:36:33 IST" skipped="0">
  <testcase classname="TestNGConcept.TestNGAnnotations" name="paymentTest" time="0.001"/>
  <system-out/>
  <testcase classname="TestNGConcept.TestNGAnnotations" name="searchTest" time="0.002"/>
  <system-out/>
  <testcase classname="TestNGConcept.TestNGAnnotations" name="addToCartTest" time="0.003"/>
  <system-out/>
</testsuite> <!-- TestNGConcept.TestNGAnnotations -->
