<?xml version="1.0" encoding="UTF-8"?>
<!-- Generated by org.testng.reporters.JUnitReportReporter -->
<testsuite hostname="IN-PG02NKDN" failures="0" tests="6" name="TestNGConcept.TestNgGroups" time="0.010" errors="0" timestamp="2022-02-08T15:47:53 IST" skipped="0">
  <testcase classname="TestNGConcept.TestNgGroups" name="testMethod4" time="0.001"/>
  <system-out/>
  <testcase classname="TestNGConcept.TestNgGroups" name="testMethod2" time="0.001"/>
  <system-out/>
  <testcase classname="TestNGConcept.TestNgGroups" name="testMethod5" time="0.001"/>
  <system-out/>
  <testcase classname="TestNGConcept.TestNgGroups" name="testMethod1" time="0.006"/>
  <system-out/>
  <testcase classname="TestNGConcept.TestNgGroups" name="testMethod3" time="0.001"/>
  <system-out/>
  <testcase classname="TestNGConcept.TestNgGroups" name="testMethod6" time="0.000"/>
  <system-out/>
</testsuite> <!-- TestNGConcept.TestNgGroups -->
